2016-10-23 17:21:11,753 [Worker-10] INFO  o.e.m.c.i.l.LifecycleMappingFactory - Using org.eclipse.m2e.jdt.JarLifecycleMapping lifecycle mapping for MavenProject: CSE2102-DesignProject:CSE2102-DesignProject:0.0.1-SNAPSHOT @ C:\Users\Connor\Documents\Junior Year\CSE 2102\Project\CSE2102\CSE2102-DesignProject\pom.xml.
2016-10-23 17:21:11,753 [Worker-14] INFO  o.e.m.c.i.l.LifecycleMappingFactory - Using org.eclipse.m2e.jdt.JarLifecycleMapping lifecycle mapping for MavenProject: CSE2102-DesignProject:CSE2102-DesignProject:0.0.1-SNAPSHOT @ C:\Users\Connor\Documents\Junior Year\CSE 2102\Project\CSE2102\CSE2102-DesignProject\pom.xml.
2016-10-23 17:21:15,203 [Worker-14] WARN  o.e.m.c.i.embedder.EclipseLogger - Using platform encoding (Cp1252 actually) to copy filtered resources, i.e. build is platform dependent!
2016-10-23 17:21:15,236 [Worker-14] INFO  o.e.m.c.i.embedder.EclipseLogger - skip non existing resourceDirectory C:\Users\Connor\Documents\Junior Year\CSE 2102\Project\CSE2102\CSE2102-DesignProject\src\main\resources
2016-10-23 17:21:15,969 [Worker-14] WARN  o.e.m.c.i.embedder.EclipseLogger - Using platform encoding (Cp1252 actually) to copy filtered resources, i.e. build is platform dependent!
2016-10-23 17:21:15,969 [Worker-10] INFO  o.e.m.c.i.l.LifecycleMappingFactory - Using org.eclipse.m2e.jdt.JarLifecycleMapping lifecycle mapping for MavenProject: CSE2102-DesignProject:CSE2102-DesignProject:0.0.1-SNAPSHOT @ C:\Users\Connor\Documents\Junior Year\CSE 2102\Project\CSE2102\CSE2102-DesignProject\pom.xml.
2016-10-23 17:21:15,986 [Worker-14] INFO  o.e.m.c.i.embedder.EclipseLogger - skip non existing resourceDirectory C:\Users\Connor\Documents\Junior Year\CSE 2102\Project\CSE2102\CSE2102-DesignProject\src\test\resources
2016-10-23 17:21:17,780 [Worker-19] WARN  o.e.m.c.i.embedder.EclipseLogger - Using platform encoding (Cp1252 actually) to copy filtered resources, i.e. build is platform dependent!
2016-10-23 17:21:17,787 [Worker-19] INFO  o.e.m.c.i.embedder.EclipseLogger - skip non existing resourceDirectory C:\Users\Connor\Documents\Junior Year\CSE 2102\Project\CSE2102\CSE2102-DesignProject\src\main\resources
2016-10-23 17:21:17,789 [Worker-19] WARN  o.e.m.c.i.embedder.EclipseLogger - Using platform encoding (Cp1252 actually) to copy filtered resources, i.e. build is platform dependent!
2016-10-23 17:21:17,799 [Worker-19] INFO  o.e.m.c.i.embedder.EclipseLogger - skip non existing resourceDirectory C:\Users\Connor\Documents\Junior Year\CSE 2102\Project\CSE2102\CSE2102-DesignProject\src\test\resources
2016-10-23 18:03:43,966 [Worker-16] WARN  o.e.m.c.i.embedder.EclipseLogger - Using platform encoding (Cp1252 actually) to copy filtered resources, i.e. build is platform dependent!
2016-10-23 18:03:43,978 [Worker-16] INFO  o.e.m.c.i.embedder.EclipseLogger - skip non existing resourceDirectory C:\Users\Connor\Documents\Junior Year\CSE 2102\Project\CSE2102\CSE2102-DesignProject\src\main\resources
2016-10-23 18:03:43,980 [Worker-16] WARN  o.e.m.c.i.embedder.EclipseLogger - Using platform encoding (Cp1252 actually) to copy filtered resources, i.e. build is platform dependent!
2016-10-23 18:03:43,987 [Worker-16] INFO  o.e.m.c.i.embedder.EclipseLogger - skip non existing resourceDirectory C:\Users\Connor\Documents\Junior Year\CSE 2102\Project\CSE2102\CSE2102-DesignProject\src\test\resources
2016-10-23 18:03:45,888 [Worker-15] WARN  o.e.m.c.i.embedder.EclipseLogger - Using platform encoding (Cp1252 actually) to copy filtered resources, i.e. build is platform dependent!
2016-10-23 18:03:45,894 [Worker-15] INFO  o.e.m.c.i.embedder.EclipseLogger - skip non existing resourceDirectory C:\Users\Connor\Documents\Junior Year\CSE 2102\Project\CSE2102\CSE2102-DesignProject\src\main\resources
2016-10-23 18:03:45,896 [Worker-15] WARN  o.e.m.c.i.embedder.EclipseLogger - Using platform encoding (Cp1252 actually) to copy filtered resources, i.e. build is platform dependent!
2016-10-23 18:03:45,905 [Worker-15] INFO  o.e.m.c.i.embedder.EclipseLogger - skip non existing resourceDirectory C:\Users\Connor\Documents\Junior Year\CSE 2102\Project\CSE2102\CSE2102-DesignProject\src\test\resources
2016-10-25 18:30:46,196 [Worker-22] WARN  o.e.m.c.i.embedder.EclipseLogger - Using platform encoding (Cp1252 actually) to copy filtered resources, i.e. build is platform dependent!
2016-10-25 18:30:46,325 [Worker-22] INFO  o.e.m.c.i.embedder.EclipseLogger - skip non existing resourceDirectory C:\Users\Connor\Documents\Junior Year\CSE 2102\Project\CSE2102\CSE2102-DesignProject\src\main\resources
2016-10-25 18:30:46,328 [Worker-22] WARN  o.e.m.c.i.embedder.EclipseLogger - Using platform encoding (Cp1252 actually) to copy filtered resources, i.e. build is platform dependent!
2016-10-25 18:30:46,335 [Worker-22] INFO  o.e.m.c.i.embedder.EclipseLogger - skip non existing resourceDirectory C:\Users\Connor\Documents\Junior Year\CSE 2102\Project\CSE2102\CSE2102-DesignProject\src\test\resources
2016-10-25 18:30:49,138 [Worker-26] WARN  o.e.m.c.i.embedder.EclipseLogger - Using platform encoding (Cp1252 actually) to copy filtered resources, i.e. build is platform dependent!
2016-10-25 18:30:49,147 [Worker-26] INFO  o.e.m.c.i.embedder.EclipseLogger - skip non existing resourceDirectory C:\Users\Connor\Documents\Junior Year\CSE 2102\Project\CSE2102\CSE2102-DesignProject\src\main\resources
2016-10-25 18:30:49,148 [Worker-26] WARN  o.e.m.c.i.embedder.EclipseLogger - Using platform encoding (Cp1252 actually) to copy filtered resources, i.e. build is platform dependent!
2016-10-25 18:30:49,155 [Worker-26] INFO  o.e.m.c.i.embedder.EclipseLogger - skip non existing resourceDirectory C:\Users\Connor\Documents\Junior Year\CSE 2102\Project\CSE2102\CSE2102-DesignProject\src\test\resources
2016-10-25 18:36:34,925 [Worker-22] WARN  o.e.m.c.i.embedder.EclipseLogger - Using platform encoding (Cp1252 actually) to copy filtered resources, i.e. build is platform dependent!
2016-10-25 18:36:34,963 [Worker-22] INFO  o.e.m.c.i.embedder.EclipseLogger - skip non existing resourceDirectory C:\Users\Connor\Documents\Junior Year\CSE 2102\Project\CSE2102\CSE2102-DesignProject\src\main\resources
2016-10-25 18:36:34,965 [Worker-22] WARN  o.e.m.c.i.embedder.EclipseLogger - Using platform encoding (Cp1252 actually) to copy filtered resources, i.e. build is platform dependent!
2016-10-25 18:36:34,973 [Worker-22] INFO  o.e.m.c.i.embedder.EclipseLogger - skip non existing resourceDirectory C:\Users\Connor\Documents\Junior Year\CSE 2102\Project\CSE2102\CSE2102-DesignProject\src\test\resources
2016-10-25 18:36:48,110 [Worker-24] WARN  o.e.m.c.i.embedder.EclipseLogger - Using platform encoding (Cp1252 actually) to copy filtered resources, i.e. build is platform dependent!
2016-10-25 18:36:48,118 [Worker-24] INFO  o.e.m.c.i.embedder.EclipseLogger - skip non existing resourceDirectory C:\Users\Connor\Documents\Junior Year\CSE 2102\Project\CSE2102\CSE2102-DesignProject\src\main\resources
2016-10-25 18:36:48,119 [Worker-24] WARN  o.e.m.c.i.embedder.EclipseLogger - Using platform encoding (Cp1252 actually) to copy filtered resources, i.e. build is platform dependent!
2016-10-25 18:36:48,157 [Worker-24] INFO  o.e.m.c.i.embedder.EclipseLogger - skip non existing resourceDirectory C:\Users\Connor\Documents\Junior Year\CSE 2102\Project\CSE2102\CSE2102-DesignProject\src\test\resources
2016-10-25 18:41:13,277 [Worker-22] WARN  o.e.m.c.i.embedder.EclipseLogger - Using platform encoding (Cp1252 actually) to copy filtered resources, i.e. build is platform dependent!
2016-10-25 18:41:13,284 [Worker-22] INFO  o.e.m.c.i.embedder.EclipseLogger - skip non existing resourceDirectory C:\Users\Connor\Documents\Junior Year\CSE 2102\Project\CSE2102\CSE2102-DesignProject\src\main\resources
2016-10-25 18:41:13,286 [Worker-22] WARN  o.e.m.c.i.embedder.EclipseLogger - Using platform encoding (Cp1252 actually) to copy filtered resources, i.e. build is platform dependent!
2016-10-25 18:41:13,293 [Worker-22] INFO  o.e.m.c.i.embedder.EclipseLogger - skip non existing resourceDirectory C:\Users\Connor\Documents\Junior Year\CSE 2102\Project\CSE2102\CSE2102-DesignProject\src\test\resources
2016-10-25 18:41:44,612 [Worker-29] WARN  o.e.m.c.i.embedder.EclipseLogger - Using platform encoding (Cp1252 actually) to copy filtered resources, i.e. build is platform dependent!
2016-10-25 18:41:44,671 [Worker-29] INFO  o.e.m.c.i.embedder.EclipseLogger - skip non existing resourceDirectory C:\Users\Connor\Documents\Junior Year\CSE 2102\Project\CSE2102\CSE2102-DesignProject\src\main\resources
2016-10-25 18:41:44,677 [Worker-29] WARN  o.e.m.c.i.embedder.EclipseLogger - Using platform encoding (Cp1252 actually) to copy filtered resources, i.e. build is platform dependent!
2016-10-25 18:41:44,682 [Worker-29] INFO  o.e.m.c.i.embedder.EclipseLogger - skip non existing resourceDirectory C:\Users\Connor\Documents\Junior Year\CSE 2102\Project\CSE2102\CSE2102-DesignProject\src\test\resources
2016-10-25 18:51:19,551 [Worker-6] WARN  o.e.m.c.i.embedder.EclipseLogger - Using platform encoding (Cp1252 actually) to copy filtered resources, i.e. build is platform dependent!
2016-10-25 18:51:19,617 [Worker-6] INFO  o.e.m.c.i.embedder.EclipseLogger - skip non existing resourceDirectory C:\Users\Connor\Documents\Junior Year\CSE 2102\Project\CSE2102\CSE2102-DesignProject\src\main\resources
2016-10-25 18:51:19,620 [Worker-6] WARN  o.e.m.c.i.embedder.EclipseLogger - Using platform encoding (Cp1252 actually) to copy filtered resources, i.e. build is platform dependent!
2016-10-25 18:51:19,627 [Worker-6] INFO  o.e.m.c.i.embedder.EclipseLogger - skip non existing resourceDirectory C:\Users\Connor\Documents\Junior Year\CSE 2102\Project\CSE2102\CSE2102-DesignProject\src\test\resources
2016-10-25 18:53:13,199 [Worker-0] WARN  o.e.m.c.i.embedder.EclipseLogger - Using platform encoding (Cp1252 actually) to copy filtered resources, i.e. build is platform dependent!
2016-10-25 18:53:13,260 [Worker-0] INFO  o.e.m.c.i.embedder.EclipseLogger - skip non existing resourceDirectory C:\Users\Connor\Documents\Junior Year\CSE 2102\Project\CSE2102\CSE2102-DesignProject\src\main\resources
2016-10-25 18:53:13,262 [Worker-0] WARN  o.e.m.c.i.embedder.EclipseLogger - Using platform encoding (Cp1252 actually) to copy filtered resources, i.e. build is platform dependent!
2016-10-25 18:53:13,269 [Worker-0] INFO  o.e.m.c.i.embedder.EclipseLogger - skip non existing resourceDirectory C:\Users\Connor\Documents\Junior Year\CSE 2102\Project\CSE2102\CSE2102-DesignProject\src\test\resources
2016-10-25 18:53:48,412 [Worker-3] WARN  o.e.m.c.i.embedder.EclipseLogger - Using platform encoding (Cp1252 actually) to copy filtered resources, i.e. build is platform dependent!
2016-10-25 18:53:48,419 [Worker-3] INFO  o.e.m.c.i.embedder.EclipseLogger - skip non existing resourceDirectory C:\Users\Connor\Documents\Junior Year\CSE 2102\Project\CSE2102\CSE2102-DesignProject\src\main\resources
2016-10-25 18:53:48,420 [Worker-3] WARN  o.e.m.c.i.embedder.EclipseLogger - Using platform encoding (Cp1252 actually) to copy filtered resources, i.e. build is platform dependent!
2016-10-25 18:53:48,426 [Worker-3] INFO  o.e.m.c.i.embedder.EclipseLogger - skip non existing resourceDirectory C:\Users\Connor\Documents\Junior Year\CSE 2102\Project\CSE2102\CSE2102-DesignProject\src\test\resources
2016-10-25 18:54:20,021 [Worker-4] WARN  o.e.m.c.i.embedder.EclipseLogger - Using platform encoding (Cp1252 actually) to copy filtered resources, i.e. build is platform dependent!
2016-10-25 18:54:20,043 [Worker-4] INFO  o.e.m.c.i.embedder.EclipseLogger - skip non existing resourceDirectory C:\Users\Connor\Documents\Junior Year\CSE 2102\Project\CSE2102\CSE2102-DesignProject\src\main\resources
2016-10-25 18:54:20,044 [Worker-4] WARN  o.e.m.c.i.embedder.EclipseLogger - Using platform encoding (Cp1252 actually) to copy filtered resources, i.e. build is platform dependent!
2016-10-25 18:54:20,049 [Worker-4] INFO  o.e.m.c.i.embedder.EclipseLogger - skip non existing resourceDirectory C:\Users\Connor\Documents\Junior Year\CSE 2102\Project\CSE2102\CSE2102-DesignProject\src\test\resources
2016-10-25 18:54:54,179 [Worker-6] WARN  o.e.m.c.i.embedder.EclipseLogger - Using platform encoding (Cp1252 actually) to copy filtered resources, i.e. build is platform dependent!
2016-10-25 18:54:54,185 [Worker-6] INFO  o.e.m.c.i.embedder.EclipseLogger - skip non existing resourceDirectory C:\Users\Connor\Documents\Junior Year\CSE 2102\Project\CSE2102\CSE2102-DesignProject\src\main\resources
2016-10-25 18:54:54,186 [Worker-6] WARN  o.e.m.c.i.embedder.EclipseLogger - Using platform encoding (Cp1252 actually) to copy filtered resources, i.e. build is platform dependent!
2016-10-25 18:54:54,192 [Worker-6] INFO  o.e.m.c.i.embedder.EclipseLogger - skip non existing resourceDirectory C:\Users\Connor\Documents\Junior Year\CSE 2102\Project\CSE2102\CSE2102-DesignProject\src\test\resources
2016-10-25 18:55:10,839 [Worker-5] WARN  o.e.m.c.i.embedder.EclipseLogger - Using platform encoding (Cp1252 actually) to copy filtered resources, i.e. build is platform dependent!
2016-10-25 18:55:10,849 [Worker-5] INFO  o.e.m.c.i.embedder.EclipseLogger - skip non existing resourceDirectory C:\Users\Connor\Documents\Junior Year\CSE 2102\Project\CSE2102\CSE2102-DesignProject\src\main\resources
2016-10-25 18:55:10,854 [Worker-5] WARN  o.e.m.c.i.embedder.EclipseLogger - Using platform encoding (Cp1252 actually) to copy filtered resources, i.e. build is platform dependent!
2016-10-25 18:55:10,860 [Worker-5] INFO  o.e.m.c.i.embedder.EclipseLogger - skip non existing resourceDirectory C:\Users\Connor\Documents\Junior Year\CSE 2102\Project\CSE2102\CSE2102-DesignProject\src\test\resources
2016-10-25 18:55:26,202 [Worker-5] WARN  o.e.m.c.i.embedder.EclipseLogger - Using platform encoding (Cp1252 actually) to copy filtered resources, i.e. build is platform dependent!
2016-10-25 18:55:26,245 [Worker-5] INFO  o.e.m.c.i.embedder.EclipseLogger - skip non existing resourceDirectory C:\Users\Connor\Documents\Junior Year\CSE 2102\Project\CSE2102\CSE2102-DesignProject\src\main\resources
2016-10-25 18:55:26,246 [Worker-5] WARN  o.e.m.c.i.embedder.EclipseLogger - Using platform encoding (Cp1252 actually) to copy filtered resources, i.e. build is platform dependent!
2016-10-25 18:55:26,251 [Worker-5] INFO  o.e.m.c.i.embedder.EclipseLogger - skip non existing resourceDirectory C:\Users\Connor\Documents\Junior Year\CSE 2102\Project\CSE2102\CSE2102-DesignProject\src\test\resources
2016-10-25 19:14:05,452 [Worker-19] WARN  o.e.m.c.i.embedder.EclipseLogger - Using platform encoding (Cp1252 actually) to copy filtered resources, i.e. build is platform dependent!
2016-10-25 19:14:05,459 [Worker-19] INFO  o.e.m.c.i.embedder.EclipseLogger - skip non existing resourceDirectory C:\Users\Connor\Documents\Junior Year\CSE 2102\Project\CSE2102\CSE2102-DesignProject\src\main\resources
2016-10-25 19:14:05,465 [Worker-19] WARN  o.e.m.c.i.embedder.EclipseLogger - Using platform encoding (Cp1252 actually) to copy filtered resources, i.e. build is platform dependent!
2016-10-25 19:14:05,471 [Worker-19] INFO  o.e.m.c.i.embedder.EclipseLogger - skip non existing resourceDirectory C:\Users\Connor\Documents\Junior Year\CSE 2102\Project\CSE2102\CSE2102-DesignProject\src\test\resources
2016-10-25 19:14:38,685 [Worker-18] WARN  o.e.m.c.i.embedder.EclipseLogger - Using platform encoding (Cp1252 actually) to copy filtered resources, i.e. build is platform dependent!
2016-10-25 19:14:38,692 [Worker-18] INFO  o.e.m.c.i.embedder.EclipseLogger - skip non existing resourceDirectory C:\Users\Connor\Documents\Junior Year\CSE 2102\Project\CSE2102\CSE2102-DesignProject\src\main\resources
2016-10-25 19:14:38,694 [Worker-18] WARN  o.e.m.c.i.embedder.EclipseLogger - Using platform encoding (Cp1252 actually) to copy filtered resources, i.e. build is platform dependent!
2016-10-25 19:14:38,699 [Worker-18] INFO  o.e.m.c.i.embedder.EclipseLogger - skip non existing resourceDirectory C:\Users\Connor\Documents\Junior Year\CSE 2102\Project\CSE2102\CSE2102-DesignProject\src\test\resources
2016-10-25 19:15:45,836 [Worker-17] WARN  o.e.m.c.i.embedder.EclipseLogger - Using platform encoding (Cp1252 actually) to copy filtered resources, i.e. build is platform dependent!
2016-10-25 19:15:45,854 [Worker-17] INFO  o.e.m.c.i.embedder.EclipseLogger - skip non existing resourceDirectory C:\Users\Connor\Documents\Junior Year\CSE 2102\Project\CSE2102\CSE2102-DesignProject\src\main\resources
2016-10-25 19:15:45,861 [Worker-17] WARN  o.e.m.c.i.embedder.EclipseLogger - Using platform encoding (Cp1252 actually) to copy filtered resources, i.e. build is platform dependent!
2016-10-25 19:15:45,868 [Worker-17] INFO  o.e.m.c.i.embedder.EclipseLogger - skip non existing resourceDirectory C:\Users\Connor\Documents\Junior Year\CSE 2102\Project\CSE2102\CSE2102-DesignProject\src\test\resources
2016-10-25 19:15:56,476 [Worker-20] WARN  o.e.m.c.i.embedder.EclipseLogger - Using platform encoding (Cp1252 actually) to copy filtered resources, i.e. build is platform dependent!
2016-10-25 19:15:56,481 [Worker-20] INFO  o.e.m.c.i.embedder.EclipseLogger - skip non existing resourceDirectory C:\Users\Connor\Documents\Junior Year\CSE 2102\Project\CSE2102\CSE2102-DesignProject\src\main\resources
2016-10-25 19:15:56,482 [Worker-20] WARN  o.e.m.c.i.embedder.EclipseLogger - Using platform encoding (Cp1252 actually) to copy filtered resources, i.e. build is platform dependent!
2016-10-25 19:15:56,487 [Worker-20] INFO  o.e.m.c.i.embedder.EclipseLogger - skip non existing resourceDirectory C:\Users\Connor\Documents\Junior Year\CSE 2102\Project\CSE2102\CSE2102-DesignProject\src\test\resources
2016-10-25 19:17:55,676 [Worker-0] WARN  o.e.m.c.i.embedder.EclipseLogger - Using platform encoding (Cp1252 actually) to copy filtered resources, i.e. build is platform dependent!
2016-10-25 19:17:55,685 [Worker-0] INFO  o.e.m.c.i.embedder.EclipseLogger - skip non existing resourceDirectory C:\Users\Connor\Documents\Junior Year\CSE 2102\Project\CSE2102\CSE2102-DesignProject\src\main\resources
2016-10-25 19:17:55,690 [Worker-0] WARN  o.e.m.c.i.embedder.EclipseLogger - Using platform encoding (Cp1252 actually) to copy filtered resources, i.e. build is platform dependent!
2016-10-25 19:17:55,695 [Worker-0] INFO  o.e.m.c.i.embedder.EclipseLogger - skip non existing resourceDirectory C:\Users\Connor\Documents\Junior Year\CSE 2102\Project\CSE2102\CSE2102-DesignProject\src\test\resources
2016-10-25 19:18:11,721 [Worker-18] WARN  o.e.m.c.i.embedder.EclipseLogger - Using platform encoding (Cp1252 actually) to copy filtered resources, i.e. build is platform dependent!
2016-10-25 19:18:11,727 [Worker-18] INFO  o.e.m.c.i.embedder.EclipseLogger - skip non existing resourceDirectory C:\Users\Connor\Documents\Junior Year\CSE 2102\Project\CSE2102\CSE2102-DesignProject\src\main\resources
2016-10-25 19:18:11,728 [Worker-18] WARN  o.e.m.c.i.embedder.EclipseLogger - Using platform encoding (Cp1252 actually) to copy filtered resources, i.e. build is platform dependent!
2016-10-25 19:18:11,734 [Worker-18] INFO  o.e.m.c.i.embedder.EclipseLogger - skip non existing resourceDirectory C:\Users\Connor\Documents\Junior Year\CSE 2102\Project\CSE2102\CSE2102-DesignProject\src\test\resources
2016-10-25 19:25:27,913 [Worker-21] WARN  o.e.m.c.i.embedder.EclipseLogger - Using platform encoding (Cp1252 actually) to copy filtered resources, i.e. build is platform dependent!
2016-10-25 19:25:27,921 [Worker-21] INFO  o.e.m.c.i.embedder.EclipseLogger - skip non existing resourceDirectory C:\Users\Connor\Documents\Junior Year\CSE 2102\Project\CSE2102\CSE2102-DesignProject\src\main\resources
2016-10-25 19:25:27,927 [Worker-21] WARN  o.e.m.c.i.embedder.EclipseLogger - Using platform encoding (Cp1252 actually) to copy filtered resources, i.e. build is platform dependent!
2016-10-25 19:25:27,933 [Worker-21] INFO  o.e.m.c.i.embedder.EclipseLogger - skip non existing resourceDirectory C:\Users\Connor\Documents\Junior Year\CSE 2102\Project\CSE2102\CSE2102-DesignProject\src\test\resources
2016-10-25 19:27:18,320 [Worker-10] WARN  o.e.m.c.i.embedder.EclipseLogger - Using platform encoding (Cp1252 actually) to copy filtered resources, i.e. build is platform dependent!
2016-10-25 19:27:18,326 [Worker-10] INFO  o.e.m.c.i.embedder.EclipseLogger - skip non existing resourceDirectory C:\Users\Connor\Documents\Junior Year\CSE 2102\Project\CSE2102\CSE2102-DesignProject\src\main\resources
2016-10-25 19:27:18,328 [Worker-10] WARN  o.e.m.c.i.embedder.EclipseLogger - Using platform encoding (Cp1252 actually) to copy filtered resources, i.e. build is platform dependent!
2016-10-25 19:27:18,333 [Worker-10] INFO  o.e.m.c.i.embedder.EclipseLogger - skip non existing resourceDirectory C:\Users\Connor\Documents\Junior Year\CSE 2102\Project\CSE2102\CSE2102-DesignProject\src\test\resources
2016-10-25 19:30:48,424 [Worker-18] WARN  o.e.m.c.i.embedder.EclipseLogger - Using platform encoding (Cp1252 actually) to copy filtered resources, i.e. build is platform dependent!
2016-10-25 19:30:48,436 [Worker-18] INFO  o.e.m.c.i.embedder.EclipseLogger - skip non existing resourceDirectory C:\Users\Connor\Documents\Junior Year\CSE 2102\Project\CSE2102\CSE2102-DesignProject\src\main\resources
2016-10-25 19:30:48,442 [Worker-18] WARN  o.e.m.c.i.embedder.EclipseLogger - Using platform encoding (Cp1252 actually) to copy filtered resources, i.e. build is platform dependent!
2016-10-25 19:30:48,446 [Worker-18] INFO  o.e.m.c.i.embedder.EclipseLogger - skip non existing resourceDirectory C:\Users\Connor\Documents\Junior Year\CSE 2102\Project\CSE2102\CSE2102-DesignProject\src\test\resources
2016-10-25 19:32:46,671 [Worker-0] WARN  o.e.m.c.i.embedder.EclipseLogger - Using platform encoding (Cp1252 actually) to copy filtered resources, i.e. build is platform dependent!
2016-10-25 19:32:46,680 [Worker-0] INFO  o.e.m.c.i.embedder.EclipseLogger - skip non existing resourceDirectory C:\Users\Connor\Documents\Junior Year\CSE 2102\Project\CSE2102\CSE2102-DesignProject\src\main\resources
2016-10-25 19:32:46,681 [Worker-0] WARN  o.e.m.c.i.embedder.EclipseLogger - Using platform encoding (Cp1252 actually) to copy filtered resources, i.e. build is platform dependent!
2016-10-25 19:32:46,688 [Worker-0] INFO  o.e.m.c.i.embedder.EclipseLogger - skip non existing resourceDirectory C:\Users\Connor\Documents\Junior Year\CSE 2102\Project\CSE2102\CSE2102-DesignProject\src\test\resources
2016-10-25 19:33:12,414 [Worker-21] WARN  o.e.m.c.i.embedder.EclipseLogger - Using platform encoding (Cp1252 actually) to copy filtered resources, i.e. build is platform dependent!
2016-10-25 19:33:12,424 [Worker-21] INFO  o.e.m.c.i.embedder.EclipseLogger - skip non existing resourceDirectory C:\Users\Connor\Documents\Junior Year\CSE 2102\Project\CSE2102\CSE2102-DesignProject\src\main\resources
2016-10-25 19:33:12,429 [Worker-21] WARN  o.e.m.c.i.embedder.EclipseLogger - Using platform encoding (Cp1252 actually) to copy filtered resources, i.e. build is platform dependent!
2016-10-25 19:33:12,434 [Worker-21] INFO  o.e.m.c.i.embedder.EclipseLogger - skip non existing resourceDirectory C:\Users\Connor\Documents\Junior Year\CSE 2102\Project\CSE2102\CSE2102-DesignProject\src\test\resources
2016-10-26 11:18:06,164 [Worker-18] WARN  o.e.m.c.i.embedder.EclipseLogger - Using platform encoding (Cp1252 actually) to copy filtered resources, i.e. build is platform dependent!
2016-10-26 11:18:06,183 [Worker-18] INFO  o.e.m.c.i.embedder.EclipseLogger - skip non existing resourceDirectory C:\Users\Connor\Documents\Junior Year\CSE 2102\Project\CSE2102\CSE2102-DesignProject\src\main\resources
2016-10-26 11:18:06,185 [Worker-18] WARN  o.e.m.c.i.embedder.EclipseLogger - Using platform encoding (Cp1252 actually) to copy filtered resources, i.e. build is platform dependent!
2016-10-26 11:18:06,190 [Worker-18] INFO  o.e.m.c.i.embedder.EclipseLogger - skip non existing resourceDirectory C:\Users\Connor\Documents\Junior Year\CSE 2102\Project\CSE2102\CSE2102-DesignProject\src\test\resources
2016-10-26 11:25:20,045 [Worker-9] WARN  o.e.m.c.i.embedder.EclipseLogger - Using platform encoding (Cp1252 actually) to copy filtered resources, i.e. build is platform dependent!
2016-10-26 11:25:20,055 [Worker-9] INFO  o.e.m.c.i.embedder.EclipseLogger - skip non existing resourceDirectory C:\Users\Connor\Documents\Junior Year\CSE 2102\Project\CSE2102\CSE2102-DesignProject\src\main\resources
2016-10-26 11:25:20,057 [Worker-9] WARN  o.e.m.c.i.embedder.EclipseLogger - Using platform encoding (Cp1252 actually) to copy filtered resources, i.e. build is platform dependent!
2016-10-26 11:25:20,063 [Worker-9] INFO  o.e.m.c.i.embedder.EclipseLogger - skip non existing resourceDirectory C:\Users\Connor\Documents\Junior Year\CSE 2102\Project\CSE2102\CSE2102-DesignProject\src\test\resources
2016-10-26 12:07:30,837 [Worker-12] WARN  o.e.m.c.i.embedder.EclipseLogger - Using platform encoding (Cp1252 actually) to copy filtered resources, i.e. build is platform dependent!
2016-10-26 12:07:30,851 [Worker-12] INFO  o.e.m.c.i.embedder.EclipseLogger - skip non existing resourceDirectory C:\Users\Connor\Documents\Junior Year\CSE 2102\Project\CSE2102\CSE2102-DesignProject\src\main\resources
2016-10-26 12:07:30,854 [Worker-12] WARN  o.e.m.c.i.embedder.EclipseLogger - Using platform encoding (Cp1252 actually) to copy filtered resources, i.e. build is platform dependent!
2016-10-26 12:07:30,861 [Worker-12] INFO  o.e.m.c.i.embedder.EclipseLogger - skip non existing resourceDirectory C:\Users\Connor\Documents\Junior Year\CSE 2102\Project\CSE2102\CSE2102-DesignProject\src\test\resources
2016-10-26 12:23:13,997 [Worker-14] WARN  o.e.m.c.i.embedder.EclipseLogger - Using platform encoding (Cp1252 actually) to copy filtered resources, i.e. build is platform dependent!
2016-10-26 12:23:14,011 [Worker-14] INFO  o.e.m.c.i.embedder.EclipseLogger - skip non existing resourceDirectory C:\Users\Connor\Documents\Junior Year\CSE 2102\Project\CSE2102\CSE2102-DesignProject\src\main\resources
2016-10-26 12:23:14,015 [Worker-14] WARN  o.e.m.c.i.embedder.EclipseLogger - Using platform encoding (Cp1252 actually) to copy filtered resources, i.e. build is platform dependent!
2016-10-26 12:23:14,024 [Worker-14] INFO  o.e.m.c.i.embedder.EclipseLogger - skip non existing resourceDirectory C:\Users\Connor\Documents\Junior Year\CSE 2102\Project\CSE2102\CSE2102-DesignProject\src\test\resources
2016-10-26 12:30:02,903 [Worker-20] WARN  o.e.m.c.i.embedder.EclipseLogger - Using platform encoding (Cp1252 actually) to copy filtered resources, i.e. build is platform dependent!
2016-10-26 12:30:02,929 [Worker-20] INFO  o.e.m.c.i.embedder.EclipseLogger - skip non existing resourceDirectory C:\Users\Connor\Documents\Junior Year\CSE 2102\Project\CSE2102\CSE2102-DesignProject\src\main\resources
2016-10-26 12:30:02,931 [Worker-20] WARN  o.e.m.c.i.embedder.EclipseLogger - Using platform encoding (Cp1252 actually) to copy filtered resources, i.e. build is platform dependent!
2016-10-26 12:30:02,938 [Worker-20] INFO  o.e.m.c.i.embedder.EclipseLogger - skip non existing resourceDirectory C:\Users\Connor\Documents\Junior Year\CSE 2102\Project\CSE2102\CSE2102-DesignProject\src\test\resources
2016-10-26 12:30:56,195 [Worker-17] WARN  o.e.m.c.i.embedder.EclipseLogger - Using platform encoding (Cp1252 actually) to copy filtered resources, i.e. build is platform dependent!
2016-10-26 12:30:56,204 [Worker-17] INFO  o.e.m.c.i.embedder.EclipseLogger - skip non existing resourceDirectory C:\Users\Connor\Documents\Junior Year\CSE 2102\Project\CSE2102\CSE2102-DesignProject\src\main\resources
2016-10-26 12:30:56,205 [Worker-17] WARN  o.e.m.c.i.embedder.EclipseLogger - Using platform encoding (Cp1252 actually) to copy filtered resources, i.e. build is platform dependent!
2016-10-26 12:30:56,214 [Worker-17] INFO  o.e.m.c.i.embedder.EclipseLogger - skip non existing resourceDirectory C:\Users\Connor\Documents\Junior Year\CSE 2102\Project\CSE2102\CSE2102-DesignProject\src\test\resources
2016-10-26 12:31:23,620 [Worker-21] WARN  o.e.m.c.i.embedder.EclipseLogger - Using platform encoding (Cp1252 actually) to copy filtered resources, i.e. build is platform dependent!
2016-10-26 12:31:23,629 [Worker-21] INFO  o.e.m.c.i.embedder.EclipseLogger - skip non existing resourceDirectory C:\Users\Connor\Documents\Junior Year\CSE 2102\Project\CSE2102\CSE2102-DesignProject\src\main\resources
2016-10-26 12:31:23,631 [Worker-21] WARN  o.e.m.c.i.embedder.EclipseLogger - Using platform encoding (Cp1252 actually) to copy filtered resources, i.e. build is platform dependent!
2016-10-26 12:31:23,638 [Worker-21] INFO  o.e.m.c.i.embedder.EclipseLogger - skip non existing resourceDirectory C:\Users\Connor\Documents\Junior Year\CSE 2102\Project\CSE2102\CSE2102-DesignProject\src\test\resources
2016-10-26 12:31:48,532 [Worker-20] WARN  o.e.m.c.i.embedder.EclipseLogger - Using platform encoding (Cp1252 actually) to copy filtered resources, i.e. build is platform dependent!
2016-10-26 12:31:48,543 [Worker-20] INFO  o.e.m.c.i.embedder.EclipseLogger - skip non existing resourceDirectory C:\Users\Connor\Documents\Junior Year\CSE 2102\Project\CSE2102\CSE2102-DesignProject\src\main\resources
2016-10-26 12:31:48,548 [Worker-20] WARN  o.e.m.c.i.embedder.EclipseLogger - Using platform encoding (Cp1252 actually) to copy filtered resources, i.e. build is platform dependent!
2016-10-26 12:31:48,553 [Worker-20] INFO  o.e.m.c.i.embedder.EclipseLogger - skip non existing resourceDirectory C:\Users\Connor\Documents\Junior Year\CSE 2102\Project\CSE2102\CSE2102-DesignProject\src\test\resources
2016-10-26 12:54:46,717 [Worker-24] WARN  o.e.m.c.i.embedder.EclipseLogger - Using platform encoding (Cp1252 actually) to copy filtered resources, i.e. build is platform dependent!
2016-10-26 12:54:46,726 [Worker-24] INFO  o.e.m.c.i.embedder.EclipseLogger - skip non existing resourceDirectory C:\Users\Connor\Documents\Junior Year\CSE 2102\Project\CSE2102\CSE2102-DesignProject\src\main\resources
2016-10-26 12:54:46,729 [Worker-24] WARN  o.e.m.c.i.embedder.EclipseLogger - Using platform encoding (Cp1252 actually) to copy filtered resources, i.e. build is platform dependent!
2016-10-26 12:54:46,739 [Worker-24] INFO  o.e.m.c.i.embedder.EclipseLogger - skip non existing resourceDirectory C:\Users\Connor\Documents\Junior Year\CSE 2102\Project\CSE2102\CSE2102-DesignProject\src\test\resources
2016-10-26 12:55:03,273 [Worker-24] WARN  o.e.m.c.i.embedder.EclipseLogger - Using platform encoding (Cp1252 actually) to copy filtered resources, i.e. build is platform dependent!
2016-10-26 12:55:03,283 [Worker-24] INFO  o.e.m.c.i.embedder.EclipseLogger - skip non existing resourceDirectory C:\Users\Connor\Documents\Junior Year\CSE 2102\Project\CSE2102\CSE2102-DesignProject\src\main\resources
2016-10-26 12:55:03,287 [Worker-24] WARN  o.e.m.c.i.embedder.EclipseLogger - Using platform encoding (Cp1252 actually) to copy filtered resources, i.e. build is platform dependent!
2016-10-26 12:55:03,293 [Worker-24] INFO  o.e.m.c.i.embedder.EclipseLogger - skip non existing resourceDirectory C:\Users\Connor\Documents\Junior Year\CSE 2102\Project\CSE2102\CSE2102-DesignProject\src\test\resources
2016-10-26 12:55:06,371 [Worker-17] WARN  o.e.m.c.i.embedder.EclipseLogger - Using platform encoding (Cp1252 actually) to copy filtered resources, i.e. build is platform dependent!
2016-10-26 12:55:06,376 [Worker-17] INFO  o.e.m.c.i.embedder.EclipseLogger - skip non existing resourceDirectory C:\Users\Connor\Documents\Junior Year\CSE 2102\Project\CSE2102\CSE2102-DesignProject\src\main\resources
2016-10-26 12:55:06,378 [Worker-17] WARN  o.e.m.c.i.embedder.EclipseLogger - Using platform encoding (Cp1252 actually) to copy filtered resources, i.e. build is platform dependent!
2016-10-26 12:55:06,384 [Worker-17] INFO  o.e.m.c.i.embedder.EclipseLogger - skip non existing resourceDirectory C:\Users\Connor\Documents\Junior Year\CSE 2102\Project\CSE2102\CSE2102-DesignProject\src\test\resources
2016-10-26 12:57:02,586 [Worker-20] WARN  o.e.m.c.i.embedder.EclipseLogger - Using platform encoding (Cp1252 actually) to copy filtered resources, i.e. build is platform dependent!
2016-10-26 12:57:02,600 [Worker-20] INFO  o.e.m.c.i.embedder.EclipseLogger - skip non existing resourceDirectory C:\Users\Connor\Documents\Junior Year\CSE 2102\Project\CSE2102\CSE2102-DesignProject\src\main\resources
2016-10-26 12:57:02,607 [Worker-20] WARN  o.e.m.c.i.embedder.EclipseLogger - Using platform encoding (Cp1252 actually) to copy filtered resources, i.e. build is platform dependent!
2016-10-26 12:57:02,615 [Worker-20] INFO  o.e.m.c.i.embedder.EclipseLogger - skip non existing resourceDirectory C:\Users\Connor\Documents\Junior Year\CSE 2102\Project\CSE2102\CSE2102-DesignProject\src\test\resources
2016-10-29 15:36:03,118 [Worker-8] WARN  o.e.m.c.i.embedder.EclipseLogger - Using platform encoding (Cp1252 actually) to copy filtered resources, i.e. build is platform dependent!
2016-10-29 15:36:03,188 [Worker-8] INFO  o.e.m.c.i.embedder.EclipseLogger - skip non existing resourceDirectory C:\Users\Connor\Documents\Junior Year\CSE 2102\Project\CSE2102\CSE2102-DesignProject\src\main\resources
2016-10-29 15:36:03,191 [Worker-8] WARN  o.e.m.c.i.embedder.EclipseLogger - Using platform encoding (Cp1252 actually) to copy filtered resources, i.e. build is platform dependent!
2016-10-29 15:36:03,202 [Worker-8] INFO  o.e.m.c.i.embedder.EclipseLogger - skip non existing resourceDirectory C:\Users\Connor\Documents\Junior Year\CSE 2102\Project\CSE2102\CSE2102-DesignProject\src\test\resources
2016-10-30 21:19:23,629 [Worker-13] WARN  o.e.m.c.i.embedder.EclipseLogger - Using platform encoding (Cp1252 actually) to copy filtered resources, i.e. build is platform dependent!
2016-10-30 21:19:23,647 [Worker-13] INFO  o.e.m.c.i.embedder.EclipseLogger - skip non existing resourceDirectory C:\Users\Connor\Documents\Junior Year\CSE 2102\Project\CSE2102\CSE2102-DesignProject\src\main\resources
2016-10-30 21:19:23,650 [Worker-13] WARN  o.e.m.c.i.embedder.EclipseLogger - Using platform encoding (Cp1252 actually) to copy filtered resources, i.e. build is platform dependent!
2016-10-30 21:19:23,655 [Worker-13] INFO  o.e.m.c.i.embedder.EclipseLogger - skip non existing resourceDirectory C:\Users\Connor\Documents\Junior Year\CSE 2102\Project\CSE2102\CSE2102-DesignProject\src\test\resources
2016-10-30 21:23:40,453 [Worker-22] WARN  o.e.m.c.i.embedder.EclipseLogger - Using platform encoding (Cp1252 actually) to copy filtered resources, i.e. build is platform dependent!
2016-10-30 21:23:40,462 [Worker-22] INFO  o.e.m.c.i.embedder.EclipseLogger - skip non existing resourceDirectory C:\Users\Connor\Documents\Junior Year\CSE 2102\Project\CSE2102\CSE2102-DesignProject\src\main\resources
2016-10-30 21:23:40,463 [Worker-22] WARN  o.e.m.c.i.embedder.EclipseLogger - Using platform encoding (Cp1252 actually) to copy filtered resources, i.e. build is platform dependent!
2016-10-30 21:23:40,471 [Worker-22] INFO  o.e.m.c.i.embedder.EclipseLogger - skip non existing resourceDirectory C:\Users\Connor\Documents\Junior Year\CSE 2102\Project\CSE2102\CSE2102-DesignProject\src\test\resources
2016-10-30 21:24:25,646 [Worker-25] WARN  o.e.m.c.i.embedder.EclipseLogger - Using platform encoding (Cp1252 actually) to copy filtered resources, i.e. build is platform dependent!
2016-10-30 21:24:25,653 [Worker-25] INFO  o.e.m.c.i.embedder.EclipseLogger - skip non existing resourceDirectory C:\Users\Connor\Documents\Junior Year\CSE 2102\Project\CSE2102\CSE2102-DesignProject\src\main\resources
2016-10-30 21:24:25,654 [Worker-25] WARN  o.e.m.c.i.embedder.EclipseLogger - Using platform encoding (Cp1252 actually) to copy filtered resources, i.e. build is platform dependent!
2016-10-30 21:24:25,660 [Worker-25] INFO  o.e.m.c.i.embedder.EclipseLogger - skip non existing resourceDirectory C:\Users\Connor\Documents\Junior Year\CSE 2102\Project\CSE2102\CSE2102-DesignProject\src\test\resources
2016-11-01 12:18:58,053 [Worker-11] WARN  o.e.m.c.i.embedder.EclipseLogger - Using platform encoding (Cp1252 actually) to copy filtered resources, i.e. build is platform dependent!
2016-11-01 12:18:58,094 [Worker-11] INFO  o.e.m.c.i.embedder.EclipseLogger - skip non existing resourceDirectory C:\Users\Connor\Documents\Junior Year\CSE 2102\Project\CSE2102\CSE2102-DesignProject\src\main\resources
2016-11-01 12:18:58,096 [Worker-11] WARN  o.e.m.c.i.embedder.EclipseLogger - Using platform encoding (Cp1252 actually) to copy filtered resources, i.e. build is platform dependent!
2016-11-01 12:18:58,104 [Worker-11] INFO  o.e.m.c.i.embedder.EclipseLogger - skip non existing resourceDirectory C:\Users\Connor\Documents\Junior Year\CSE 2102\Project\CSE2102\CSE2102-DesignProject\src\test\resources
2016-11-01 16:58:17,014 [Worker-17] INFO  o.e.m.c.i.l.LifecycleMappingFactory - Using org.eclipse.m2e.jdt.JarLifecycleMapping lifecycle mapping for MavenProject: CSE2102-DesignProject:CSE2102-DesignProject:0.0.1-SNAPSHOT @ C:\Users\Connor\Documents\Junior Year\CSE 2102\Project\CSE2102\CSE2102-DesignProject\pom.xml.
2016-11-01 16:58:19,839 [Worker-17] WARN  o.e.m.c.i.embedder.EclipseLogger - Using platform encoding (Cp1252 actually) to copy filtered resources, i.e. build is platform dependent!
2016-11-01 16:58:19,847 [Worker-17] INFO  o.e.m.c.i.embedder.EclipseLogger - skip non existing resourceDirectory C:\Users\Connor\Documents\Junior Year\CSE 2102\Project\CSE2102\CSE2102-DesignProject\src\main\resources
2016-11-01 16:58:19,849 [Worker-17] WARN  o.e.m.c.i.embedder.EclipseLogger - Using platform encoding (Cp1252 actually) to copy filtered resources, i.e. build is platform dependent!
2016-11-01 16:58:19,860 [Worker-17] INFO  o.e.m.c.i.embedder.EclipseLogger - skip non existing resourceDirectory C:\Users\Connor\Documents\Junior Year\CSE 2102\Project\CSE2102\CSE2102-DesignProject\src\test\resources
2016-11-01 16:59:04,277 [Worker-7] WARN  o.e.m.c.i.embedder.EclipseLogger - Using platform encoding (Cp1252 actually) to copy filtered resources, i.e. build is platform dependent!
2016-11-01 16:59:04,339 [Worker-7] INFO  o.e.m.c.i.embedder.EclipseLogger - skip non existing resourceDirectory C:\Users\Connor\Documents\Junior Year\CSE 2102\Project\CSE2102\CSE2102-DesignProject\src\main\resources
2016-11-01 16:59:04,342 [Worker-7] WARN  o.e.m.c.i.embedder.EclipseLogger - Using platform encoding (Cp1252 actually) to copy filtered resources, i.e. build is platform dependent!
2016-11-01 16:59:04,349 [Worker-7] INFO  o.e.m.c.i.embedder.EclipseLogger - skip non existing resourceDirectory C:\Users\Connor\Documents\Junior Year\CSE 2102\Project\CSE2102\CSE2102-DesignProject\src\test\resources
2016-11-01 17:02:04,970 [Worker-10] WARN  o.e.m.c.i.embedder.EclipseLogger - Using platform encoding (Cp1252 actually) to copy filtered resources, i.e. build is platform dependent!
2016-11-01 17:02:04,977 [Worker-10] INFO  o.e.m.c.i.embedder.EclipseLogger - skip non existing resourceDirectory C:\Users\Connor\Documents\Junior Year\CSE 2102\Project\CSE2102\CSE2102-DesignProject\src\main\resources
2016-11-01 17:02:04,978 [Worker-10] WARN  o.e.m.c.i.embedder.EclipseLogger - Using platform encoding (Cp1252 actually) to copy filtered resources, i.e. build is platform dependent!
2016-11-01 17:02:04,984 [Worker-10] INFO  o.e.m.c.i.embedder.EclipseLogger - skip non existing resourceDirectory C:\Users\Connor\Documents\Junior Year\CSE 2102\Project\CSE2102\CSE2102-DesignProject\src\test\resources
2016-11-01 17:02:06,003 [Worker-10] WARN  o.e.m.c.i.embedder.EclipseLogger - Using platform encoding (Cp1252 actually) to copy filtered resources, i.e. build is platform dependent!
2016-11-01 17:02:06,010 [Worker-10] INFO  o.e.m.c.i.embedder.EclipseLogger - skip non existing resourceDirectory C:\Users\Connor\Documents\Junior Year\CSE 2102\Project\CSE2102\CSE2102-DesignProject\src\main\resources
2016-11-01 17:02:06,011 [Worker-10] WARN  o.e.m.c.i.embedder.EclipseLogger - Using platform encoding (Cp1252 actually) to copy filtered resources, i.e. build is platform dependent!
2016-11-01 17:02:06,018 [Worker-10] INFO  o.e.m.c.i.embedder.EclipseLogger - skip non existing resourceDirectory C:\Users\Connor\Documents\Junior Year\CSE 2102\Project\CSE2102\CSE2102-DesignProject\src\test\resources
