#
# There is insufficient memory for the Java Runtime Environment to continue.
# Native memory allocation (malloc) failed to allocate 32744 bytes for ChunkPool::allocate
# Possible reasons:
#   The system is out of physical RAM or swap space
#   In 32 bit mode, the process size limit was hit
# Possible solutions:
#   Reduce memory load on the system
#   Increase physical memory or swap space
#   Check if swap backing store is full
#   Use 64 bit Java on a 64 bit OS
#   Decrease Java heap size (-Xmx/-Xms)
#   Decrease number of Java threads
#   Decrease Java thread stack sizes (-Xss)
#   Set larger code cache with -XX:ReservedCodeCacheSize=
# This output file may be truncated or incomplete.
#
#  Out of Memory Error (allocation.cpp:273), pid=5512, tid=0x0000000000001aac
#
# JRE version: Java(TM) SE Runtime Environment (8.0_101-b13) (build 1.8.0_101-b13)
# Java VM: Java HotSpot(TM) 64-Bit Server VM (25.101-b13 mixed mode windows-amd64 compressed oops)
# Failed to write core dump. Minidumps are not enabled by default on client versions of Windows
#

---------------  T H R E A D  ---------------

Current thread (0x0000000015c90800):  JavaThread "C2 CompilerThread1" daemon [_thread_in_native, id=6828, stack(0x00000000173f0000,0x00000000174f0000)]

Stack: [0x00000000173f0000,0x00000000174f0000]
[error occurred during error reporting (printing stack bounds), id 0xc0000005]

Native frames: (J=compiled Java code, j=interpreted, Vv=VM code, C=native code)


Current CompileTask:
C2:    164  179       4       jdk.internal.org.objectweb.asm.ByteVector::putUTF8 (142 bytes)


---------------  P R O C E S S  ---------------

Java Threads: ( => current thread )
  0x000000001761c000 JavaThread "Service Thread" daemon [_thread_blocked, id=5928, stack(0x00000000179f0000,0x0000000017af0000)]
  0x0000000015c93800 JavaThread "C1 CompilerThread2" daemon [_thread_in_vm, id=9096, stack(0x00000000174f0000,0x00000000175f0000)]
=>0x0000000015c90800 JavaThread "C2 CompilerThread1" daemon [_thread_in_native, id=6828, stack(0x00000000173f0000,0x00000000174f0000)]
  0x0000000015c8d800 JavaThread "C2 CompilerThread0" daemon [_thread_blocked, id=4328, stack(0x00000000172f0000,0x00000000173f0000)]
  0x0000000015c8c000 JavaThread "Attach Listener" daemon [_thread_blocked, id=10084, stack(0x00000000171f0000,0x00000000172f0000)]
  0x0000000015c8b000 JavaThread "Signal Dispatcher" daemon [_thread_blocked, id=11812, stack(0x00000000170f0000,0x00000000171f0000)]
  0x000000000248b800 JavaThread "Finalizer" daemon [_thread_blocked, id=6560, stack(0x0000000016f00000,0x0000000017000000)]
  0x0000000002481000 JavaThread "Reference Handler" daemon [_thread_blocked, id=5244, stack(0x0000000016e00000,0x0000000016f00000)]
  0x0000000002390800 JavaThread "main" [_thread_in_Java, id=13140, stack(0x0000000002220000,0x0000000002320000)]

Other Threads:
  0x0000000015c58000 VMThread [stack: 0x0000000016d00000,0x0000000016e00000] [id=6084]
  0x000000001764d800 WatcherThread [stack: 0x0000000017af0000,0x0000000017bf0000] [id=4040]

VM state:not at safepoint (normal execution)

VM Mutex/Monitor currently owned by a thread: None

Heap:
 PSYoungGen      total 28160K, used 2457K [0x00000000e0d80000, 0x00000000e2c80000, 0x0000000100000000)
  eden space 24576K, 10% used [0x00000000e0d80000,0x00000000e0fe6700,0x00000000e2580000)
  from space 3584K, 0% used [0x00000000e2900000,0x00000000e2900000,0x00000000e2c80000)
  to   space 3584K, 0% used [0x00000000e2580000,0x00000000e2580000,0x00000000e2900000)
 ParOldGen       total 64512K, used 0K [0x00000000a2800000, 0x00000000a6700000, 0x00000000e0d80000)
  object space 64512K, 0% used [0x00000000a2800000,0x00000000a2800000,0x00000000a6700000)
 Metaspace       used 3468K, capacity 4678K, committed 4864K, reserved 1056768K
  class space    used 394K, capacity 450K, committed 512K, reserved 1048576K

Card table byte_map: [0x0000000011850000,0x0000000011b40000] byte_map_base: 0x000000001133c000

Marking Bits: (ParMarkBitMap*) 0x0000000055b8a6d0
 Begin Bits: [0x0000000012140000, 0x00000000138a0000)
 End Bits:   [0x00000000138a0000, 0x0000000015000000)

Polling page: 0x0000000000aa0000

CodeCache: size=245760Kb used=1376Kb max_used=1376Kb free=244384Kb
 bounds [0x0000000002490000, 0x0000000002700000, 0x0000000011490000]
 total_blobs=431 nmethods=180 adapters=164
 compilation: enabled

Compilation events (10 events):
Event: 0.155 Thread 0x0000000015c93800  156       3       java.lang.invoke.MemberName::getInvocationType (56 bytes)
Event: 0.155 Thread 0x0000000015c93800 nmethod 156 0x00000000025d48d0 code [0x00000000025d4ac0, 0x00000000025d56c8]
Event: 0.155 Thread 0x0000000015c93800  158       3       java.lang.invoke.InvokerBytecodeGenerator::isStaticallyNameable (116 bytes)
Event: 0.157 Thread 0x0000000015c93800 nmethod 158 0x00000000025d6350 code [0x00000000025d66c0, 0x00000000025d8798]
Event: 0.157 Thread 0x0000000015c93800  159       3       jdk.internal.org.objectweb.asm.Item::isEqualTo (354 bytes)
Event: 0.157 Thread 0x0000000015c93800 nmethod 159 0x00000000025d98d0 code [0x00000000025d9b00, 0x00000000025da7c8]
Event: 0.157 Thread 0x0000000015c93800  163       3       jdk.internal.org.objectweb.asm.Frame::execute (2252 bytes)
Event: 0.157 Thread 0x0000000015c8d800  168       4       java.lang.String::indexOf (70 bytes)
Event: 0.159 Thread 0x0000000015c8d800 nmethod 168 0x00000000025dddd0 code [0x00000000025ddf20, 0x00000000025de0d8]
Event: 0.161 Thread 0x0000000015c90800  179       4       jdk.internal.org.objectweb.asm.ByteVector::putUTF8 (142 bytes)

GC Heap History (0 events):
No events

Deoptimization events (0 events):
No events

Internal exceptions (4 events):
Event: 0.038 Thread 0x0000000002390800 Exception <a 'java/lang/NoSuchMethodError': Method sun.misc.Unsafe.defineClass(Ljava/lang/String;[BII)Ljava/lang/Class; name or signature does not match> (0x00000000e0d87cc0) thrown at [C:\re\workspace\8-2-build-windows-amd64-cygwin\jdk8u101\7261\hotspot\s4µ¬9J“£?
Event: 0.038 Thread 0x0000000002390800 Exception <a 'java/lang/NoSuchMethodError': Method sun.misc.Unsafe.prefetchRead(Ljava/lang/Object;J)V name or signature does not match> (0x00000000e0d87fa8) thrown at [C:\re\workspace\8-2-build-windows-amd64-cygwin\jdk8u101\7261\hotspot\src\share\vm\prims\Ñ?ÙNWcÄ?
Event: 0.159 Thread 0x0000000002390800 Exception <a 'java/lang/NoSuchFieldError': method resolution failed> (0x00000000e0f6e270) thrown at [C:\re\workspace\8-2-build-windows-amd64-cygwin\jdk8u101\7261\hotspot\src\share\vm\prims\methodHandles.cpp, line 1146]
Event: 0.161 Thread 0x0000000002390800 Exception <a 'java/lang/NoSuchFieldError': method resolution failed> (0x00000000e0f7b5f0) thrown at [C:\re\workspace\8-2-build-windows-amd64-cygwin\jdk8u101\7261\hotspot\src\share\vm\prims\methodHandles.cpp, line 1146]

Events (10 events):
Event: 0.147 loading class java/lang/invoke/MethodHandleImpl$AsVarargsCollector done
Event: 0.147 loading class java/lang/invoke/WrongMethodTypeException
Event: 0.147 loading class java/lang/invoke/WrongMethodTypeException done
Event: 0.149 loading class java/lang/invoke/MethodHandleImpl$Lazy
Event: 0.149 loading class java/lang/invoke/MethodHandleImpl$Lazy done
Event: 0.149 loading class java/lang/invoke/MethodHandleImpl$IntrinsicMethodHandle
Event: 0.149 loading class java/lang/invoke/MethodHandleImpl$IntrinsicMethodHandle done
Event: 0.159 loading class java/lang/NoSuchFieldError
Event: 0.159 loading class java/lang/NoSuchFieldError done
Event: 0.163 loading class java/lang/invoke/LambdaFormEditor


Dynamic libraries:
0x00007ff6494a0000 - 0x00007ff6494d7000 	C:\Program Files\Java\jre1.8.0_101\bin\javaw.exe
0x00007ff9b9000000 - 0x00007ff9b91d1000 	C:\WINDOWS\SYSTEM32\ntdll.dll
0x00007ff9b8810000 - 0x00007ff9b88bb000 	C:\WINDOWS\System32\KERNEL32.DLL
0x00007ff9b54f0000 - 0x00007ff9b570d000 	C:\WINDOWS\System32\KERNELBASE.dll
0x00007ff9b86b0000 - 0x00007ff9b8752000 	C:\WINDOWS\System32\ADVAPI32.dll
0x00007ff9b7fe0000 - 0x00007ff9b807e000 	C:\WINDOWS\System32\msvcrt.dll
0x00007ff9b8fa0000 - 0x00007ff9b8ff9000 	C:\WINDOWS\System32\sechost.dll
0x00007ff9b6930000 - 0x00007ff9b6a51000 	C:\WINDOWS\System32\RPCRT4.dll
0x00007ff9b6590000 - 0x00007ff9b66f5000 	C:\WINDOWS\System32\USER32.dll
0x00007ff9b6400000 - 0x00007ff9b641e000 	C:\WINDOWS\System32\win32u.dll
0x00007ff9b87c0000 - 0x00007ff9b87f4000 	C:\WINDOWS\System32\GDI32.dll
0x00007ff9b6160000 - 0x00007ff9b62e2000 	C:\WINDOWS\System32\gdi32full.dll
0x00007ff9ab430000 - 0x00007ff9ab6a9000 	C:\WINDOWS\WinSxS\amd64_microsoft.windows.common-controls_6595b64144ccf1df_6.0.14393.0_none_2d0f50fcbdb171b8\COMCTL32.dll
0x00007ff9b8140000 - 0x00007ff9b8407000 	C:\WINDOWS\System32\combase.dll
0x00007ff9b58e0000 - 0x00007ff9b59d5000 	C:\WINDOWS\System32\ucrtbase.dll
0x00007ff9b6520000 - 0x00007ff9b658a000 	C:\WINDOWS\System32\bcryptPrimitives.dll
0x00007ff9b6a60000 - 0x00007ff9b6a8e000 	C:\WINDOWS\System32\IMM32.DLL
0x0000000055dc0000 - 0x0000000055e92000 	C:\Program Files\Java\jre1.8.0_101\bin\msvcr100.dll
0x0000000055370000 - 0x0000000055c0a000 	C:\Program Files\Java\jre1.8.0_101\bin\server\jvm.dll
0x00007ff9b8800000 - 0x00007ff9b8808000 	C:\WINDOWS\System32\PSAPI.DLL
0x00007ff9b37e0000 - 0x00007ff9b3803000 	C:\WINDOWS\SYSTEM32\WINMM.dll
0x00007ff9b1640000 - 0x00007ff9b1649000 	C:\WINDOWS\SYSTEM32\WSOCK32.dll
0x00007ff9aa2f0000 - 0x00007ff9aa2fa000 	C:\WINDOWS\SYSTEM32\VERSION.dll
0x00007ff9b8d50000 - 0x00007ff9b8dba000 	C:\WINDOWS\System32\WS2_32.dll
0x00007ff9b3620000 - 0x00007ff9b364b000 	C:\WINDOWS\SYSTEM32\WINMMBASE.dll
0x00007ff9b64d0000 - 0x00007ff9b6512000 	C:\WINDOWS\System32\cfgmgr32.dll
0x0000000055360000 - 0x000000005536f000 	C:\Program Files\Java\jre1.8.0_101\bin\verify.dll
0x0000000055330000 - 0x0000000055359000 	C:\Program Files\Java\jre1.8.0_101\bin\java.dll
0x0000000055310000 - 0x0000000055326000 	C:\Program Files\Java\jre1.8.0_101\bin\zip.dll
0x00007ff9b6aa0000 - 0x00007ff9b7fa8000 	C:\WINDOWS\System32\SHELL32.dll
0x00007ff9b5a80000 - 0x00007ff9b615a000 	C:\WINDOWS\System32\windows.storage.dll
0x00007ff9b5460000 - 0x00007ff9b54ac000 	C:\WINDOWS\System32\powrprof.dll
0x00007ff9b6860000 - 0x00007ff9b68b2000 	C:\WINDOWS\System32\shlwapi.dll
0x00007ff9b54e0000 - 0x00007ff9b54ef000 	C:\WINDOWS\System32\kernel.appcore.dll
0x00007ff9b6420000 - 0x00007ff9b64c9000 	C:\WINDOWS\System32\shcore.dll
0x00007ff9b54c0000 - 0x00007ff9b54d4000 	C:\WINDOWS\System32\profapi.dll

VM Arguments:
jvm_args: -Dfile.encoding=Cp1252 
java_command: JavaFX.JavaFXMain
java_class_path (initial): C:\Users\Connor\workspace\CSE2102-DesignProject\target\classes;C:\Users\Connor\.m2\repository\com\google\maps\google-maps-services\0.1.15\google-maps-services-0.1.15.jar;C:\Users\Connor\.m2\repository\com\squareup\okhttp\okhttp\2.7.5\okhttp-2.7.5.jar;C:\Users\Connor\.m2\repository\com\squareup\okio\okio\1.6.0\okio-1.6.0.jar;C:\Users\Connor\.m2\repository\com\google\code\gson\gson\2.3.1\gson-2.3.1.jar;C:\Users\Connor\.m2\repository\joda-time\joda-time\2.4\joda-time-2.4.jar
Launcher Type: SUN_STANDARD

Environment Variables:
PATH=C:/Program Files/Java/jre1.8.0_101/bin/server;C:/Program Files/Java/jre1.8.0_101/bin;C:/Program Files/Java/jre1.8.0_101/lib/amd64;C:\ProgramData\Oracle\Java\javapath;C:\Program Files (x86)\Intel\iCLS Client\;C:\Program Files\Intel\iCLS Client\;C:\WINDOWS\system32;C:\WINDOWS;C:\WINDOWS\System32\Wbem;C:\WINDOWS\System32\WindowsPowerShell\v1.0\;C:\Program Files (x86)\Intel\Intel(R) Management Engine Components\DAL;C:\Program Files\Intel\Intel(R) Management Engine Components\DAL;C:\Program Files (x86)\Intel\Intel(R) Management Engine Components\IPT;C:\Program Files\Intel\Intel(R) Management Engine Components\IPT;C:\Program Files\Intel\IntelSGXPSW\bin\x64\Release\;C:\Program Files\Intel\IntelSGXPSW\bin\win32\Release\;C:\Program Files (x86)\Windows Kits\8.1\Windows Performance Toolkit\;C:\Program Files (x86)\Skype\Phone\;C:\Program Files\Git\cmd;C:\Program Files\MiKTeX 2.9\miktex\bin\x64\;C:\Users\Connor\AppData\Local\Microsoft\WindowsApps;;C:\Users\Connor\Downloads\eclipse-jee-mars-1-win32-x86_64\eclipse;
USERNAME=Connor
OS=Windows_NT
PROCESSOR_IDENTIFIER=Intel64 Family 6 Model 78 Stepping 3, GenuineIntel



---------------  S Y S T E M  ---------------

OS: Windows 10.0 , 64 bit Build 14393 (10.0.14393.0)

CPU:total 4 (2 cores per cpu, 2 threads per core) family 6 model 78 stepping 3, cmov, cx8, fxsr, mmx, sse, sse2, sse3, ssse3, sse4.1, sse4.2, popcnt, avx, avx2, aes, clmul, erms, 3dnowpref, lzcnt, ht, tsc, tscinvbit, bmi1, bmi2, adx

Memory: 4k page, physical 6126432k(1767648k free), swap 25000800k(4624k free)

vm_info: Java HotSpot(TM) 64-Bit Server VM (25.101-b13) for windows-amd64 JRE (1.8.0_101-b13), built on Jun 22 2016 01:21:29 by "java_re" with MS VC++ 10.0 (VS2010)

time: Wed Oct 19 13:08:35 2016
elapsed time: 0 seconds (0d 0h 0m 0s)

